<?xml version="1.0" encoding="UTF-8"?>
<testng-results ignored="0" total="1" passed="1" failed="0" skipped="0">
  <reporter-output>
  </reporter-output>
  <suite started-at="2024-12-03T19:48:56 IST" name="Suite" finished-at="2024-12-03T19:49:25 IST" duration-ms="28202">
    <groups>
    </groups>
    <test started-at="2024-12-03T19:48:56 IST" name="Test" finished-at="2024-12-03T19:49:25 IST" duration-ms="28202">
      <class name="TrialVersion.TrialVersion.BrowserTesting">
        <test-method signature="setup()[pri:0, instance:TrialVersion.TrialVersion.BrowserTesting@dd05255]" started-at="2024-12-03T19:48:56 IST" name="setup" finished-at="2024-12-03T19:49:25 IST" duration-ms="28150" status="PASS">
          <reporter-output>
          </reporter-output>
        </test-method> <!-- setup -->
      </class> <!-- TrialVersion.TrialVersion.BrowserTesting -->
    </test> <!-- Test -->
  </suite> <!-- Suite -->
</testng-results>
